[0.176s] Invoking command in '/home/gusti/MagangBayu24-ROS2/tugas1/src/build/tutorial_interfaces': CMAKE_PREFIX_PATH=${CMAKE_PREFIX_PATH}:/home/gusti/MagangBayu24-ROS2/tugas1/src/install/py_pubsub:/opt/ros/foxy /usr/bin/cmake --build /home/gusti/MagangBayu24-ROS2/tugas1/src/build/tutorial_interfaces -- -j8 -l8
[0.203s] -- Found ament_cmake: 0.9.12 (/opt/ros/foxy/share/ament_cmake/cmake)
[0.228s] -- Found PythonInterp: /usr/bin/python3 (found suitable version "3.8.10", minimum required is "3") 
[0.228s] -- Using PYTHON_EXECUTABLE: /usr/bin/python3
[0.411s] -- Found rosidl_default_generators: 1.0.1 (/opt/ros/foxy/share/rosidl_default_generators/cmake)
[0.414s] -- Using all available rosidl_typesupport_c: rosidl_typesupport_fastrtps_c;rosidl_typesupport_introspection_c
[0.417s] -- Found rosidl_adapter: 1.3.1 (/opt/ros/foxy/share/rosidl_adapter/cmake)
[0.537s] -- Using all available rosidl_typesupport_cpp: rosidl_typesupport_fastrtps_cpp;rosidl_typesupport_introspection_cpp
[0.578s] -- Found PythonInterp: /usr/bin/python3 (found version "3.8.10") 
[0.759s] CMake Error at /opt/ros/foxy/share/rosidl_adapter/cmake/rosidl_adapt_interfaces.cmake:60 (message):
[0.759s]   execute_process(/usr/bin/python3 -m rosidl_adapter --package-name
[0.759s]   tutorial_interfaces --arguments-file
[0.759s]   /home/gusti/MagangBayu24-ROS2/tugas1/src/build/tutorial_interfaces/rosidl_adapter__arguments__tutorial_interfaces.json
[0.759s]   --output-dir
[0.759s]   /home/gusti/MagangBayu24-ROS2/tugas1/src/build/tutorial_interfaces/rosidl_adapter/tutorial_interfaces
[0.759s]   --output-file
[0.759s]   /home/gusti/MagangBayu24-ROS2/tugas1/src/build/tutorial_interfaces/rosidl_adapter/tutorial_interfaces.idls)
[0.759s]   returned error code 1:
[0.759s] 
[0.759s]   Error processing 'float num1' of 'tutorial_interfaces/Num': ''float' is an
[0.759s]   invalid message name.  It should have the pattern '^[A-Z][A-Za-z0-9]*$''
[0.759s] 
[0.759s]   Traceback (most recent call last):
[0.760s] 
[0.760s]     File "/usr/lib/python3.8/runpy.py", line 194, in _run_module_as_main
[0.760s]       return _run_code(code, main_globals, None,
[0.760s]     File "/usr/lib/python3.8/runpy.py", line 87, in _run_code
[0.760s]       exec(code, run_globals)
[0.760s]     File "/opt/ros/foxy/lib/python3.8/site-packages/rosidl_adapter/__main__.py", line 19, in <module>
[0.760s]       sys.exit(main())
[0.760s]     File "/opt/ros/foxy/lib/python3.8/site-packages/rosidl_adapter/main.py", line 53, in main
[0.760s]       abs_idl_file = convert_to_idl(
[0.760s]     File "/opt/ros/foxy/lib/python3.8/site-packages/rosidl_adapter/__init__.py", line 19, in convert_to_idl
[0.760s]       return convert_msg_to_idl(
[0.760s]     File "/opt/ros/foxy/lib/python3.8/site-packages/rosidl_adapter/msg/__init__.py", line 28, in convert_msg_to_idl
[0.760s]       msg = parse_message_string(package_name, input_file.stem, content)
[0.761s]     File "/opt/ros/foxy/lib/python3.8/site-packages/rosidl_adapter/parser.py", line 516, in parse_message_string
[0.761s]       Type(type_string, context_package_name=pkg_name),
[0.761s]     File "/opt/ros/foxy/lib/python3.8/site-packages/rosidl_adapter/parser.py", line 276, in __init__
[0.761s]       super(Type, self).__init__(
[0.761s]     File "/opt/ros/foxy/lib/python3.8/site-packages/rosidl_adapter/parser.py", line 204, in __init__
[0.761s]       raise InvalidResourceName(
[0.761s] 
[0.761s]   rosidl_adapter.parser.InvalidResourceName: 'float' is an invalid message
[0.761s]   name.  It should have the pattern '^[A-Z][A-Za-z0-9]*$'
[0.761s] 
[0.761s] Call Stack (most recent call first):
[0.761s]   /opt/ros/foxy/share/rosidl_cmake/cmake/rosidl_generate_interfaces.cmake:130 (rosidl_adapt_interfaces)
[0.761s]   CMakeLists.txt:25 (rosidl_generate_interfaces)
[0.761s] 
[0.761s] 
[0.761s] -- Configuring incomplete, errors occurred!
[0.762s] See also "/home/gusti/MagangBayu24-ROS2/tugas1/src/build/tutorial_interfaces/CMakeFiles/CMakeOutput.log".
[0.764s] make: *** [Makefile:748: cmake_check_build_system] Error 1
[0.766s] Invoked command in '/home/gusti/MagangBayu24-ROS2/tugas1/src/build/tutorial_interfaces' returned '2': CMAKE_PREFIX_PATH=${CMAKE_PREFIX_PATH}:/home/gusti/MagangBayu24-ROS2/tugas1/src/install/py_pubsub:/opt/ros/foxy /usr/bin/cmake --build /home/gusti/MagangBayu24-ROS2/tugas1/src/build/tutorial_interfaces -- -j8 -l8
